<?xml version="1.0" encoding="UTF-8"?>
<!-- Generated by org.testng.reporters.JUnitXMLReporter -->
<testsuite hostname="DESKTOP-SFSL412" ignored="4" name="Test" tests="2" failures="0" timestamp="28 May 2020 12:51:31 GMT" time="0.063" errors="0">
  <testcase name="AppiumTC1" time="0.016" classname="SeleniumPractise.MavenProjectPrac.AppiumMavTest"/>
  <testcase name="SeleniumTC2" time="0.0" classname="SeleniumPractise.MavenProjectPrac.SeleniumMavTest"/>
  <testcase name="AppiumTC2" time="0.0" classname="SeleniumPractise.MavenProjectPrac.AppiumMavTest">
    <ignored/>
  </testcase> <!-- AppiumTC2 -->
  <testcase name="SeleniumTC1" time="0.0" classname="SeleniumPractise.MavenProjectPrac.SeleniumMavTest">
    <ignored/>
  </testcase> <!-- SeleniumTC1 -->
  <testcase name="RestApTC2" time="0.0" classname="SeleniumPractise.MavenProjectPrac.RestApiMavTest">
    <ignored/>
  </testcase> <!-- RestApTC2 -->
  <testcase name="RestApTC1" time="0.0" classname="SeleniumPractise.MavenProjectPrac.RestApiMavTest">
    <ignored/>
  </testcase> <!-- RestApTC1 -->
</testsuite> <!-- Test -->
