<?xml version="1.0" encoding="UTF-8"?>
<testng-results skipped="0" failed="0" ignored="4" total="6" passed="2">
  <reporter-output>
  </reporter-output>
  <suite name="Suite" duration-ms="63" started-at="2020-05-28T12:51:31Z" finished-at="2020-05-28T12:51:31Z">
    <groups>
      <group name="Sanity">
        <method signature="AppiumMavTest.AppiumTC1()[pri:0, instance:SeleniumPractise.MavenProjectPrac.AppiumMavTest@2471cca7]" name="AppiumTC1" class="SeleniumPractise.MavenProjectPrac.AppiumMavTest"/>
        <method signature="SeleniumMavTest.SeleniumTC2()[pri:0, instance:SeleniumPractise.MavenProjectPrac.SeleniumMavTest@5fe5c6f]" name="SeleniumTC2" class="SeleniumPractise.MavenProjectPrac.SeleniumMavTest"/>
      </group> <!-- Sanity -->
    </groups>
    <test name="Test" duration-ms="63" started-at="2020-05-28T12:51:31Z" finished-at="2020-05-28T12:51:31Z">
      <class name="SeleniumPractise.MavenProjectPrac.SeleniumMavTest">
        <test-method status="PASS" signature="SeleniumTC2()[pri:0, instance:SeleniumPractise.MavenProjectPrac.SeleniumMavTest@5fe5c6f]" name="SeleniumTC2" duration-ms="0" started-at="2020-05-28T12:51:31Z" finished-at="2020-05-28T12:51:31Z">
          <reporter-output>
          </reporter-output>
        </test-method> <!-- SeleniumTC2 -->
      </class> <!-- SeleniumPractise.MavenProjectPrac.SeleniumMavTest -->
      <class name="SeleniumPractise.MavenProjectPrac.AppiumMavTest">
        <test-method status="PASS" signature="AppiumTC1()[pri:0, instance:SeleniumPractise.MavenProjectPrac.AppiumMavTest@2471cca7]" name="AppiumTC1" duration-ms="16" started-at="2020-05-28T12:51:31Z" finished-at="2020-05-28T12:51:31Z">
          <reporter-output>
          </reporter-output>
        </test-method> <!-- AppiumTC1 -->
      </class> <!-- SeleniumPractise.MavenProjectPrac.AppiumMavTest -->
    </test> <!-- Test -->
  </suite> <!-- Suite -->
</testng-results>
